<?xml version="1.0" encoding="UTF-8"?>
<!-- Generated by org.testng.reporters.JUnitXMLReporter -->
<testsuite ignored="0" hostname="mkhadeer-LAP" failures="2" tests="3" name="projectReTestNg" time="76.05" errors="0" timestamp="2024-07-17T11:28:55 IST">
  <testcase classname="MavenProject.MavenProject.projectReTestNg" name="submitOrder" time="36.059">
    <failure type="java.lang.NullPointerException" message="Cannot invoke &amp;quot;MavenProject.MavenProject.CheckOutPage.selectCountry(String)&amp;quot; because &amp;quot;checkoutPage&amp;quot; is null">
      <![CDATA[java.lang.NullPointerException: Cannot invoke "MavenProject.MavenProject.CheckOutPage.selectCountry(String)" because "checkoutPage" is null
at MavenProject.MavenProject.projectReTestNg.submitOrder(projectReTestNg.java:38)
at java.base/java.util.ArrayList.forEach(ArrayList.java:1511)
at java.base/java.util.concurrent.FutureTask.run(FutureTask.java:264)
at java.base/java.util.concurrent.ThreadPoolExecutor.runWorker(ThreadPoolExecutor.java:1136)
at java.base/java.util.concurrent.ThreadPoolExecutor$Worker.run(ThreadPoolExecutor.java:635)
at java.base/java.lang.Thread.run(Thread.java:840)
... Removed 17 stack frames]]>
    </failure>
  </testcase> <!-- submitOrder -->
  <testcase classname="MavenProject.MavenProject.projectReTestNg" name="submitOrder" time="14.861">
    <failure type="java.lang.NullPointerException" message="Cannot invoke &amp;quot;org.openqa.selenium.WebElement.findElement(org.openqa.selenium.By)&amp;quot; because &amp;quot;prod&amp;quot; is null">
      <![CDATA[java.lang.NullPointerException: Cannot invoke "org.openqa.selenium.WebElement.findElement(org.openqa.selenium.By)" because "prod" is null
at MavenProject.MavenProject.ProductCatalog.addProductToCart(ProductCatalog.java:41)
at MavenProject.MavenProject.projectReTestNg.submitOrder(projectReTestNg.java:33)
at java.base/java.util.ArrayList.forEach(ArrayList.java:1511)
at java.base/java.util.concurrent.FutureTask.run(FutureTask.java:264)
at java.base/java.util.concurrent.ThreadPoolExecutor.runWorker(ThreadPoolExecutor.java:1136)
at java.base/java.util.concurrent.ThreadPoolExecutor$Worker.run(ThreadPoolExecutor.java:635)
at java.base/java.lang.Thread.run(Thread.java:840)
... Removed 17 stack frames]]>
    </failure>
  </testcase> <!-- submitOrder -->
  <testcase classname="MavenProject.MavenProject.projectReTestNg" name="orderHistoryTest" time="0.0">
    <skipped/>
  </testcase> <!-- orderHistoryTest -->
</testsuite> <!-- projectReTestNg -->
